PID 14508 received SIGSEGV for address: 0xa18ed759
SymInit: Symbol-SearchPath: '.;C:\Users\zc470\Desktop\Extra\Discord-bot;C:\Program Files\nodejs;C:\WINDOWS;C:\WINDOWS\system32;SRV*C:\websymbols*http://msdl.microsoft.com/download/symbols;', symOptions: 530, UserName: 'zc470'
OS-Version: 10.0.19043 () 0x300-0x1
c:\users\zc470\desktop\extra\discord-bot\node_modules\segfault-handler\src\stackwalker.cpp (924): StackWalker::ShowCallstack
c:\users\zc470\desktop\extra\discord-bot\node_modules\segfault-handler\src\segfault-handler.cpp (242): segfault_handler
00007FFCA41A8A4C (ntdll): (filename not available): RtlDeleteAce
00007FFCA4181276 (ntdll): (filename not available): RtlRaiseException
00007FFCA41811A5 (ntdll): (filename not available): RtlRaiseException
00007FFCA18ED759 (KERNELBASE): (filename not available): RaiseException
d:\agent\_work\2\s\src\vctools\crt\vcruntime\src\eh\throw.cpp (133): _CxxThrowException
c:\users\zc470\desktop\extra\discord-bot\node_modules\naudiodon\src\pacontext.cc (255): streampunk::PaContext::setParams
c:\users\zc470\desktop\extra\discord-bot\node_modules\naudiodon\src\pacontext.cc (70): streampunk::PaContext::PaContext
c:\users\zc470\desktop\extra\discord-bot\node_modules\naudiodon\src\audioio.cc (132): streampunk::AudioIO::AudioIO
c:\users\zc470\desktop\extra\discord-bot\node_modules\node-addon-api\napi-inl.h (76): Napi::details::WrapCallback<<lambda_9f33dee0e864e5725a4f09725c30b8f5> >
c:\users\zc470\desktop\extra\discord-bot\node_modules\node-addon-api\napi-inl.h (3425): Napi::ObjectWrap<streampunk::AudioIO>::ConstructorCallbackWrapper
00007FF747B96093 (node): (filename not available): node::Stop
00007FF748339730 (node): (filename not available): v8::internal::Builtins::builtin_handle
00007FF7483388EC (node): (filename not available): v8::internal::Builtins::builtin_handle
00007FF748338F82 (node): (filename not available): v8::internal::Builtins::builtin_handle
00007FF748338DBE (node): (filename not available): v8::internal::Builtins::builtin_handle
00007FF7487D0C4D (node): (filename not available): v8::internal::SetupIsolateDelegate::SetupHeap
00007FF7487582D1 (node): (filename not available): v8::internal::SetupIsolateDelegate::SetupHeap
00007FF74883C2CB (node): (filename not available): v8::internal::SetupIsolateDelegate::SetupHeap
00007FF74875C48B (node): (filename not available): v8::internal::SetupIsolateDelegate::SetupHeap
00007FF7487581D7 (node): (filename not available): v8::internal::SetupIsolateDelegate::SetupHeap
00007FF74883C2CB (node): (filename not available): v8::internal::SetupIsolateDelegate::SetupHeap
00007FF74875C48B (node): (filename not available): v8::internal::SetupIsolateDelegate::SetupHeap
00007FF7487AD982 (node): (filename not available): v8::internal::SetupIsolateDelegate::SetupHeap
00007FF74877B084 (node): (filename not available): v8::internal::SetupIsolateDelegate::SetupHeap
00007FF748759EDC (node): (filename not available): v8::internal::SetupIsolateDelegate::SetupHeap
00007FF74829184F (node): (filename not available): v8::internal::Execution::CallWasm
00007FF748291943 (node): (filename not available): v8::internal::Execution::CallWasm
00007FF748291D25 (node): (filename not available): v8::internal::Execution::TryCall
00007FF748274285 (node): (filename not available): v8::internal::MicrotaskQueue::RunMicrotasks
00007FF74875D27C (node): (filename not available): v8::internal::SetupIsolateDelegate::SetupHeap
00000339C3FA9B3F ((module-name not available)): (filename not available): (function-name not available)
0000002026293A51 ((module-name not available)): (filename not available): (function-name not available)
000002328CAA0FD0 ((module-name not available)): (filename not available): (function-name not available)
PID 18356 received SIGSEGV for address: 0xc60dd759
SymInit: Symbol-SearchPath: '.;C:\Users\zc470\Desktop\Extra\Discord-bot;C:\Program Files\nodejs;C:\WINDOWS;C:\WINDOWS\system32;SRV*C:\websymbols*http://msdl.microsoft.com/download/symbols;', symOptions: 530, UserName: 'zc470'
OS-Version: 10.0.19043 () 0x300-0x1
c:\users\zc470\desktop\extra\discord-bot\node_modules\segfault-handler\src\stackwalker.cpp (924): StackWalker::ShowCallstack
c:\users\zc470\desktop\extra\discord-bot\node_modules\segfault-handler\src\segfault-handler.cpp (242): segfault_handler
00007FFBC86E8A4C (ntdll): (filename not available): RtlDeleteAce
00007FFBC86C1276 (ntdll): (filename not available): RtlRaiseException
00007FFBC86C11A5 (ntdll): (filename not available): RtlRaiseException
00007FFBC60DD759 (KERNELBASE): (filename not available): RaiseException
d:\agent\_work\2\s\src\vctools\crt\vcruntime\src\eh\throw.cpp (133): _CxxThrowException
c:\users\zc470\desktop\extra\discord-bot\node_modules\naudiodon\src\pacontext.cc (255): streampunk::PaContext::setParams
c:\users\zc470\desktop\extra\discord-bot\node_modules\naudiodon\src\pacontext.cc (70): streampunk::PaContext::PaContext
c:\users\zc470\desktop\extra\discord-bot\node_modules\naudiodon\src\audioio.cc (132): streampunk::AudioIO::AudioIO
c:\users\zc470\desktop\extra\discord-bot\node_modules\node-addon-api\napi-inl.h (76): Napi::details::WrapCallback<<lambda_9f33dee0e864e5725a4f09725c30b8f5> >
c:\users\zc470\desktop\extra\discord-bot\node_modules\node-addon-api\napi-inl.h (3425): Napi::ObjectWrap<streampunk::AudioIO>::ConstructorCallbackWrapper
00007FF7F6866093 (node): (filename not available): node::Stop
00007FF7F7009730 (node): (filename not available): v8::internal::Builtins::builtin_handle
00007FF7F70088EC (node): (filename not available): v8::internal::Builtins::builtin_handle
00007FF7F7008F82 (node): (filename not available): v8::internal::Builtins::builtin_handle
00007FF7F7008DBE (node): (filename not available): v8::internal::Builtins::builtin_handle
00007FF7F74A0C4D (node): (filename not available): v8::internal::SetupIsolateDelegate::SetupHeap
00007FF7F74282D1 (node): (filename not available): v8::internal::SetupIsolateDelegate::SetupHeap
00007FF7F750C2CB (node): (filename not available): v8::internal::SetupIsolateDelegate::SetupHeap
00007FF7F742C48B (node): (filename not available): v8::internal::SetupIsolateDelegate::SetupHeap
00007FF7F74281D7 (node): (filename not available): v8::internal::SetupIsolateDelegate::SetupHeap
00007FF7F750C2CB (node): (filename not available): v8::internal::SetupIsolateDelegate::SetupHeap
00007FF7F742C48B (node): (filename not available): v8::internal::SetupIsolateDelegate::SetupHeap
00007FF7F747D982 (node): (filename not available): v8::internal::SetupIsolateDelegate::SetupHeap
00007FF7F744B084 (node): (filename not available): v8::internal::SetupIsolateDelegate::SetupHeap
00007FF7F7429EDC (node): (filename not available): v8::internal::SetupIsolateDelegate::SetupHeap
00007FF7F6F6184F (node): (filename not available): v8::internal::Execution::CallWasm
00007FF7F6F61943 (node): (filename not available): v8::internal::Execution::CallWasm
00007FF7F6F61D25 (node): (filename not available): v8::internal::Execution::TryCall
00007FF7F6F44285 (node): (filename not available): v8::internal::MicrotaskQueue::RunMicrotasks
00007FF7F742D27C (node): (filename not available): v8::internal::SetupIsolateDelegate::SetupHeap
0000001B3BB6955F ((module-name not available)): (filename not available): (function-name not available)
000002D2045F2C29 ((module-name not available)): (filename not available): (function-name not available)
000002308E272CD0 ((module-name not available)): (filename not available): (function-name not available)
